[    0.000000] Initializing cgroup subsys cpuset
[    0.000000] Initializing cgroup subsys cpu
[    0.000000] Initializing cgroup subsys cpuacct
[    0.000000] Linux version 4.4.0-193-generic (buildd@lgw01-amd64-024) (gcc version 5.4.0 20160609 (Ubuntu 5.4.0-6ubuntu1~16.04.12) ) #224-Ubuntu SMP Tue Oct 6 17:15:28 UTC 2020 (Ubuntu 4.4.0-193.224-generic 4.4.236)
[    0.000000] Command line: BOOT_IMAGE=/boot/vmlinuz-4.4.0-193-generic root=LABEL=cloudimg-rootfs ro console=tty1 console=ttyS0
[    0.000000] KERNEL supported cpus:
[    0.000000]   Intel GenuineIntel
[    0.000000]   AMD AuthenticAMD
[    0.000000]   Centaur CentaurHauls
[    0.000000] x86/fpu: Legacy x87 FPU detected.
[    0.000000] e820: BIOS-provided physical RAM map:
[    0.000000] BIOS-e820: [mem 0x0000000000000000-0x000000000009fbff] usable
[    0.000000] BIOS-e820: [mem 0x000000000009fc00-0x000000000009ffff] reserved
[    0.000000] BIOS-e820: [mem 0x00000000000f0000-0x00000000000fffff] reserved
[    0.000000] BIOS-e820: [mem 0x0000000000100000-0x000000003ffeffff] usable
[    0.000000] BIOS-e820: [mem 0x000000003fff0000-0x000000003fffffff] ACPI data
[    0.000000] BIOS-e820: [mem 0x00000000fec00000-0x00000000fec00fff] reserved
[    0.000000] BIOS-e820: [mem 0x00000000fee00000-0x00000000fee00fff] reserved
[    0.000000] BIOS-e820: [mem 0x00000000fffc0000-0x00000000ffffffff] reserved
[    0.000000] NX (Execute Disable) protection: active
[    0.000000] SMBIOS 2.5 present.
[    0.000000] Hypervisor detected: KVM
[    0.000000] e820: last_pfn = 0x3fff0 max_arch_pfn = 0x400000000
[    0.000000] MTRR: Disabled
[    0.000000] x86/PAT: MTRRs disabled, skipping PAT initialization too.
[    0.000000] CPU MTRRs all blank - virtualized system.
[    0.000000] x86/PAT: Configuration [0-7]: WB  WT  UC- UC  WB  WT  UC- UC  
[    0.000000] found SMP MP-table at [mem 0x0009fff0-0x0009ffff] mapped at [ffff88000009fff0]
[    0.000000] Scanning 1 areas for low memory corruption
[    0.000000] RAMDISK: [mem 0x362de000-0x37166fff]
[    0.000000] ACPI: Early table checksum verification disabled
[    0.000000] ACPI: RSDP 0x00000000000E0000 000024 (v02 VBOX  )
[    0.000000] ACPI: XSDT 0x000000003FFF0030 00003C (v01 VBOX   VBOXXSDT 00000001 ASL  00000061)
[    0.000000] ACPI: FACP 0x000000003FFF00F0 0000F4 (v04 VBOX   VBOXFACP 00000001 ASL  00000061)
[    0.000000] ACPI: DSDT 0x000000003FFF0470 002325 (v02 VBOX   VBOXBIOS 00000002 INTL 20100528)
[    0.000000] ACPI: FACS 0x000000003FFF0200 000040
[    0.000000] ACPI: FACS 0x000000003FFF0200 000040
[    0.000000] ACPI: APIC 0x000000003FFF0240 00005C (v02 VBOX   VBOXAPIC 00000001 ASL  00000061)
[    0.000000] ACPI: SSDT 0x000000003FFF02A0 0001CC (v01 VBOX   VBOXCPUT 00000002 INTL 20100528)
[    0.000000] No NUMA configuration found
[    0.000000] Faking a node at [mem 0x0000000000000000-0x000000003ffeffff]
[    0.000000] NODE_DATA(0) allocated [mem 0x3ffeb000-0x3ffeffff]
[    0.000000] kvm-clock: Using msrs 4b564d01 and 4b564d00
[    0.000000] kvm-clock: cpu 0, msr 0:3ffe3001, primary cpu clock
[    0.000000] kvm-clock: using sched offset of 4927520199 cycles
[    0.000000] clocksource: kvm-clock: mask: 0xffffffffffffffff max_cycles: 0x1cd42e4dffb, max_idle_ns: 881590591483 ns
[    0.000000] Zone ranges:
[    0.000000]   DMA      [mem 0x0000000000001000-0x0000000000ffffff]
[    0.000000]   DMA32    [mem 0x0000000001000000-0x000000003ffeffff]
[    0.000000]   Normal   empty
[    0.000000]   Device   empty
[    0.000000] Movable zone start for each node
[    0.000000] Early memory node ranges
[    0.000000]   node   0: [mem 0x0000000000001000-0x000000000009efff]
[    0.000000]   node   0: [mem 0x0000000000100000-0x000000003ffeffff]
[    0.000000] Initmem setup node 0 [mem 0x0000000000001000-0x000000003ffeffff]
[    0.000000] ACPI: PM-Timer IO Port: 0x4008
[    0.000000] IOAPIC[0]: apic_id 2, version 32, address 0xfec00000, GSI 0-23
[    0.000000] ACPI: INT_SRC_OVR (bus 0 bus_irq 0 global_irq 2 dfl dfl)
[    0.000000] ACPI: INT_SRC_OVR (bus 0 bus_irq 9 global_irq 9 low level)
[    0.000000] Using ACPI (MADT) for SMP configuration information
[    0.000000] smpboot: Allowing 2 CPUs, 0 hotplug CPUs
[    0.000000] PM: Registered nosave memory: [mem 0x00000000-0x00000fff]
[    0.000000] PM: Registered nosave memory: [mem 0x0009f000-0x0009ffff]
[    0.000000] PM: Registered nosave memory: [mem 0x000a0000-0x000effff]
[    0.000000] PM: Registered nosave memory: [mem 0x000f0000-0x000fffff]
[    0.000000] e820: [mem 0x40000000-0xfebfffff] available for PCI devices
[    0.000000] Booting paravirtualized kernel on KVM
[    0.000000] clocksource: refined-jiffies: mask: 0xffffffff max_cycles: 0xffffffff, max_idle_ns: 7645519600211568 ns
[    0.000000] setup_percpu: NR_CPUS:512 nr_cpumask_bits:512 nr_cpu_ids:2 nr_node_ids:1
[    0.000000] PERCPU: Embedded 33 pages/cpu @ffff88003fc00000 s95512 r8192 d31464 u1048576
[    0.000000] Built 1 zonelists in Node order, mobility grouping on.  Total pages: 257912
[    0.000000] Policy zone: DMA32
[    0.000000] Kernel command line: BOOT_IMAGE=/boot/vmlinuz-4.4.0-193-generic root=LABEL=cloudimg-rootfs ro console=tty1 console=ttyS0
[    0.000000] PID hash table entries: 4096 (order: 3, 32768 bytes)
[    0.000000] Memory: 997660K/1048120K available (8640K kernel code, 1337K rwdata, 4040K rodata, 1492K init, 1296K bss, 50460K reserved, 0K cma-reserved)
[    0.000000] SLUB: HWalign=64, Order=0-3, MinObjects=0, CPUs=2, Nodes=1
[    0.000000] Kernel/User page tables isolation: enabled
[    0.000000] Hierarchical RCU implementation.
[    0.000000] 	Build-time adjustment of leaf fanout to 64.
[    0.000000] 	RCU restricting CPUs from NR_CPUS=512 to nr_cpu_ids=2.
[    0.000000] RCU: Adjusting geometry for rcu_fanout_leaf=64, nr_cpu_ids=2
[    0.000000] NR_IRQS:33024 nr_irqs:440 16
[    0.000000] Console: colour VGA+ 80x25
[    0.000000] console [tty1] enabled
[    0.000000] console [ttyS0] enabled
[    0.000000] tsc: Detected 1599.876 MHz processor
[    0.498203] Calibrating delay loop (skipped) preset value.. 3199.75 BogoMIPS (lpj=6399504)
[    0.505020] pid_max: default: 32768 minimum: 301
[    0.508895] ACPI: Core revision 20150930
[    0.514892] ACPI: 2 ACPI AML tables successfully acquired and loaded
[    0.520469] Security Framework initialized
[    0.523927] Yama: becoming mindful.
[    0.526882] AppArmor: AppArmor initialized
[    0.530821] Dentry cache hash table entries: 131072 (order: 8, 1048576 bytes)
[    0.538581] Inode-cache hash table entries: 65536 (order: 7, 524288 bytes)
[    0.544854] Mount-cache hash table entries: 2048 (order: 2, 16384 bytes)
[    0.550014] Mountpoint-cache hash table entries: 2048 (order: 2, 16384 bytes)
[    0.555902] Initializing cgroup subsys io
[    0.559118] Initializing cgroup subsys memory
[    0.563005] Initializing cgroup subsys devices
[    0.566962] Initializing cgroup subsys freezer
[    0.570508] Initializing cgroup subsys net_cls
[    0.574082] Initializing cgroup subsys perf_event
[    0.577711] Initializing cgroup subsys net_prio
[    0.581215] Initializing cgroup subsys hugetlb
[    0.584801] Initializing cgroup subsys pids
[    0.594228] mce: CPU supports 0 MCE banks
[    0.597704] Last level iTLB entries: 4KB 48, 2MB 0, 4MB 0
[    0.601801] Last level dTLB entries: 4KB 256, 2MB 16, 4MB 16, 1GB 0
[    0.606378] Spectre V1 : Mitigation: usercopy/swapgs barriers and __user pointer sanitization
[    0.613460] Spectre V2 : Mitigation: Full generic retpoline
[    0.617670] Spectre V2 : Spectre v2 / SpectreRSB mitigation: Filling RSB on context switch
[    0.624511] MDS: Vulnerable: Clear CPU buffers attempted, no microcode
[    0.639229] Freeing SMP alternatives memory: 36K
[    0.664590] ftrace: allocating 32346 entries in 127 pages
[    0.843141] smpboot: APIC(0) Converting physical 0 to logical package 0
[    0.848428] smpboot: Max logical packages: 1
[    0.852664] x2apic enabled
[    0.856059] Switched APIC routing to physical x2apic.
[    0.863889] ..TIMER: vector=0x30 apic1=0 pin1=2 apic2=-1 pin2=-1
[    0.976641] smpboot: CPU0: Intel(R) Celeron(R) CPU  N3150  @ 1.60GHz (family: 0x6, model: 0x4c, stepping: 0x3)
[    0.984705] Performance Events: unsupported p6 CPU model 76 no PMU driver, software events only.
[    1.020200] KVM setup paravirtual spinlock
[    1.025365] x86: Booting SMP configuration:
[    1.028998] .... node  #0, CPUs:      #1
[    1.032156] kvm-clock: cpu 1, msr 0:3ffe3041, secondary cpu clock
[    1.040809] mce: CPU supports 0 MCE banks
[    1.044754] x86: Booted up 1 node, 2 CPUs
[    1.048827] smpboot: Total of 2 processors activated (6399.50 BogoMIPS)
[    1.056387] devtmpfs: initialized
[    1.066137] evm: security.selinux
[    1.069161] evm: security.SMACK64
[    1.071856] evm: security.SMACK64EXEC
[    1.074828] evm: security.SMACK64TRANSMUTE
[    1.077997] evm: security.SMACK64MMAP
[    1.081013] evm: security.ima
[    1.083942] evm: security.capability
[    1.087611] clocksource: jiffies: mask: 0xffffffff max_cycles: 0xffffffff, max_idle_ns: 7645041785100000 ns
[    1.094628] futex hash table entries: 512 (order: 3, 32768 bytes)
[    1.099399] pinctrl core: initialized pinctrl subsystem
[    1.103548] RTC time:  5:52:27, date: 10/29/20
[    1.107559] NET: Registered protocol family 16
[    1.121386] cpuidle: using governor ladder
[    1.137397] cpuidle: using governor menu
[    1.141118] PCCT header not found.
[    1.144188] ACPI: bus type PCI registered
[    1.147336] acpiphp: ACPI Hot Plug PCI Controller Driver version: 0.5
[    1.152068] PCI: Using configuration type 1 for base access
[    1.177110] ACPI: Added _OSI(Module Device)
[    1.180443] ACPI: Added _OSI(Processor Device)
[    1.183788] ACPI: Added _OSI(3.0 _SCP Extensions)
[    1.187307] ACPI: Added _OSI(Processor Aggregator Device)
[    1.193136] ACPI: Executed 1 blocks of module-level executable AML code
[    1.203381] ACPI: Interpreter enabled
[    1.206562] ACPI: (supports S0 S5)
[    1.209470] ACPI: Using IOAPIC for interrupt routing
[    1.213589] PCI: Using host bridge windows from ACPI; if necessary, use "pci=nocrs" and report a bug
[    1.231597] ACPI: PCI Root Bridge [PCI0] (domain 0000 [bus 00-ff])
[    1.236379] acpi PNP0A03:00: _OSC: OS supports [ASPM ClockPM Segments MSI]
[    1.242040] acpi PNP0A03:00: _OSC: not requesting OS control; OS requires [ExtendedConfig ASPM ClockPM MSI]
[    1.249629] acpi PNP0A03:00: fail to add MMCONFIG information, can't access extended PCI configuration space under this bridge.
[    1.259212] PCI host bridge to bus 0000:00
[    1.262906] pci_bus 0000:00: root bus resource [io  0x0000-0x0cf7 window]
[    1.267489] pci_bus 0000:00: root bus resource [io  0x0d00-0xffff window]
[    1.272114] pci_bus 0000:00: root bus resource [mem 0x000a0000-0x000bffff window]
[    1.278394] pci_bus 0000:00: root bus resource [mem 0x40000000-0xfdffffff window]
[    1.284659] pci_bus 0000:00: root bus resource [bus 00-ff]
[    1.294676] pci 0000:00:01.1: legacy IDE quirk: reg 0x10: [io  0x01f0-0x01f7]
[    1.299720] pci 0000:00:01.1: legacy IDE quirk: reg 0x14: [io  0x03f6]
[    1.304164] pci 0000:00:01.1: legacy IDE quirk: reg 0x18: [io  0x0170-0x0177]
[    1.308950] pci 0000:00:01.1: legacy IDE quirk: reg 0x1c: [io  0x0376]
[    1.382660] pci 0000:00:07.0: quirk: [io  0x4000-0x403f] claimed by PIIX4 ACPI
[    1.388860] pci 0000:00:07.0: quirk: [io  0x4100-0x410f] claimed by PIIX4 SMB
[    1.439634] ACPI: PCI Interrupt Link [LNKA] (IRQs 5 9 10 *11)
[    1.446532] ACPI: PCI Interrupt Link [LNKB] (IRQs 5 9 *10 11)
[    1.452514] ACPI: PCI Interrupt Link [LNKC] (IRQs 5 *9 10 11)
[    1.458683] ACPI: PCI Interrupt Link [LNKD] (IRQs 5 9 10 *11)
[    1.503453] ACPI: Enabled 2 GPEs in block 00 to 07
[    1.509306] vgaarb: setting as boot device: PCI:0000:00:02.0
[    1.513350] vgaarb: device added: PCI:0000:00:02.0,decodes=io+mem,owns=io+mem,locks=none
[    1.519440] vgaarb: loaded
[    1.522546] vgaarb: bridge control possible 0000:00:02.0
[    1.527465] SCSI subsystem initialized
[    1.531127] ACPI: bus type USB registered
[    1.534368] usbcore: registered new interface driver usbfs
[    1.538292] usbcore: registered new interface driver hub
[    1.542307] usbcore: registered new device driver usb
[    1.546685] PCI: Using ACPI for IRQ routing
[    1.552588] NetLabel: Initializing
[    1.555588] NetLabel:  domain hash size = 128
[    1.558974] NetLabel:  protocols = UNLABELED CIPSOv4
[    1.562680] NetLabel:  unlabeled traffic allowed by default
[    1.567105] amd_nb: Cannot enumerate AMD northbridges
[    1.571172] clocksource: Switched to clocksource kvm-clock
[    1.593324] AppArmor: AppArmor Filesystem Enabled
[    1.597979] pnp: PnP ACPI init
[    1.603032] pnp: PnP ACPI: found 3 devices
[    1.682294] clocksource: acpi_pm: mask: 0xffffff max_cycles: 0xffffff, max_idle_ns: 2085701024 ns
[    1.689190] NET: Registered protocol family 2
[    1.693400] TCP established hash table entries: 8192 (order: 4, 65536 bytes)
[    1.698592] TCP bind hash table entries: 8192 (order: 5, 131072 bytes)
[    1.703192] TCP: Hash tables configured (established 8192 bind 8192)
[    1.707736] UDP hash table entries: 512 (order: 2, 16384 bytes)
[    1.711874] UDP-Lite hash table entries: 512 (order: 2, 16384 bytes)
[    1.716607] NET: Registered protocol family 1
[    1.719910] pci 0000:00:00.0: Limiting direct PCI/PCI transfers
[    1.724372] pci 0000:00:01.0: Activating ISA DMA hang workarounds
[    1.729025] Unpacking initramfs...
[    2.194954] Freeing initrd memory: 14884K
[    2.198979] clocksource: tsc: mask: 0xffffffffffffffff max_cycles: 0x170fafb9856, max_idle_ns: 440795204679 ns
[    2.206802] platform rtc_cmos: registered platform RTC device (no PNP device found)
[    2.213439] Scanning for low memory corruption every 60 seconds
[    2.219654] audit: initializing netlink subsys (disabled)
[    2.223732] audit: type=2000 audit(1603950753.993:1): initialized
[    2.229093] Initialise system trusted keyring
[    2.233381] HugeTLB registered 2 MB page size, pre-allocated 0 pages
[    2.241507] zbud: loaded
[    2.244894] VFS: Disk quotas dquot_6.6.0
[    2.248673] VFS: Dquot-cache hash table entries: 512 (order 0, 4096 bytes)
[    2.254264] squashfs: version 4.0 (2009/01/31) Phillip Lougher
[    2.259855] fuse init (API version 7.23)
[    2.263640] Key type big_key registered
[    2.267186] Allocating IMA MOK and blacklist keyrings.
[    2.274863] Key type asymmetric registered
[    2.278297] Asymmetric key parser 'x509' registered
[    2.282240] Block layer SCSI generic (bsg) driver version 0.4 loaded (major 249)
[    2.288591] io scheduler noop registered
[    2.292017] io scheduler deadline registered (default)
[    2.296270] io scheduler cfq registered
[    2.300095] pci_hotplug: PCI Hot Plug PCI Core version: 0.5
[    2.304597] pciehp: PCI Express Hot Plug Controller Driver version: 0.4
[    2.310111] ACPI: AC Adapter [AC] (on-line)
[    2.314072] input: Power Button as /devices/LNXSYSTM:00/LNXPWRBN:00/input/input0
[    2.320588] ACPI: Power Button [PWRF]
[    2.324473] input: Sleep Button as /devices/LNXSYSTM:00/LNXSLPBN:00/input/input1
[    2.330858] ACPI: Sleep Button [SLPF]
[    2.334703] GHES: HEST is not enabled!
[    2.338464] Serial: 8250/16550 driver, 32 ports, IRQ sharing enabled
[    2.365736] 00:02: ttyS0 at I/O 0x3f8 (irq = 4, base_baud = 115200) is a 16550A
[    2.375410] Linux agpgart interface v0.103
[    2.384838] loop: module loaded
[    2.390109] scsi host0: ata_piix
[    2.393797] scsi host1: ata_piix
[    2.397100] ata1: PATA max UDMA/33 cmd 0x1f0 ctl 0x3f6 bmdma 0xd000 irq 14
[    2.402175] ata2: PATA max UDMA/33 cmd 0x170 ctl 0x376 bmdma 0xd008 irq 15
[    2.408138] libphy: Fixed MDIO Bus: probed
[    2.411598] tun: Universal TUN/TAP device driver, 1.6
[    2.415712] tun: (C) 1999-2004 Max Krasnyansky <maxk@qualcomm.com>
[    2.420503] PPP generic driver version 2.4.2
[    2.424273] ehci_hcd: USB 2.0 'Enhanced' Host Controller (EHCI) Driver
[    2.429238] ehci-pci: EHCI PCI platform driver
[    2.433036] ehci-platform: EHCI generic platform driver
[    2.437256] ohci_hcd: USB 1.1 'Open' Host Controller (OHCI) Driver
[    2.441911] ohci-pci: OHCI PCI platform driver
[    2.445660] ohci-platform: OHCI generic platform driver
[    2.449824] uhci_hcd: USB Universal Host Controller Interface driver
[    2.454827] i8042: PNP: PS/2 Controller [PNP0303:PS2K,PNP0f03:PS2M] at 0x60,0x64 irq 1,12
[    2.463760] serio: i8042 KBD port at 0x60,0x64 irq 1
[    2.467457] serio: i8042 AUX port at 0x60,0x64 irq 12
[    2.471804] mousedev: PS/2 mouse device common for all mice
[    2.477395] rtc_cmos rtc_cmos: rtc core: registered rtc_cmos as rtc0
[    2.482483] input: AT Translated Set 2 keyboard as /devices/platform/i8042/serio0/input/input2
[    2.489539] rtc_cmos rtc_cmos: alarms up to one day, 114 bytes nvram
[    2.494611] i2c /dev entries driver
[    2.498335] device-mapper: uevent: version 1.0.3
[    2.502386] device-mapper: ioctl: 4.34.0-ioctl (2015-10-28) initialised: dm-devel@redhat.com
[    2.509051] ledtrig-cpu: registered to indicate activity on CPUs
[    2.515820] NET: Registered protocol family 10
[    2.520214] NET: Registered protocol family 17
[    2.523910] Key type dns_resolver registered
[    2.528517] registered taskstats version 1
[    2.532809] Loading compiled-in X.509 certificates
[    2.538635] Loaded X.509 cert 'Build time autogenerated kernel key: 399ad61e9457a71f6b31060684c17f14836880c9'
[    2.546451] zswap: loaded using pool lzo/zbud
[    2.558311] Key type trusted registered
[    2.604234] Key type encrypted registered
[    2.607544] AppArmor: AppArmor sha1 policy hashing enabled
[    2.611770] ima: No TPM chip found, activating TPM-bypass!
[    2.616138] ima: Allocated hash algorithm: sha1
[    2.619645] evm: HMAC attrs: 0x1
[    2.623728]   Magic number: 8:73:872
[    2.627297] rtc_cmos rtc_cmos: setting system clock to 2020-10-29 05:52:28 UTC (1603950748)
[    2.634205] BIOS EDD facility v0.16 2004-Jun-25, 0 devices found
[    2.639036] EDD information not available.
[    2.646385] Freeing unused kernel memory: 1492K
[    2.659452] Write protecting the kernel read-only data: 14336k
[    2.665508] Freeing unused kernel memory: 1588K
[    2.669609] Freeing unused kernel memory: 56K
Loading, please wait...
starting version 229
[    2.728379] random: systemd-udevd: uninitialized urandom read (16 bytes read, 3 bits of entropy available)
[    2.735828] random: udevadm: uninitialized urandom read (16 bytes read, 3 bits of entropy available)
[    2.735951] random: udevadm: uninitialized urandom read (16 bytes read, 3 bits of entropy available)
[    2.751465] random: systemd-udevd: uninitialized urandom read (16 bytes read, 3 bits of entropy available)
[    2.759121] random: systemd-udevd: uninitialized urandom read (16 bytes read, 3 bits of entropy available)
[    2.766695] random: systemd-udevd: uninitialized urandom read (16 bytes read, 3 bits of entropy available)
[    2.779723] random: systemd-udevd: uninitialized urandom read (16 bytes read, 3 bits of entropy available)
[    2.787192] random: systemd-udevd: uninitialized urandom read (16 bytes read, 3 bits of entropy available)
[    2.794030] random: udevadm: uninitialized urandom read (16 bytes read, 3 bits of entropy available)
[    2.794220] random: udevadm: uninitialized urandom read (16 bytes read, 3 bits of entropy available)
[    3.010527] Fusion MPT base driver 3.04.20
[    3.014237] Copyright (c) 1999-2008 LSI Corporation
[    3.023460] e1000: Intel(R) PRO/1000 Network Driver - version 7.3.21-k8-NAPI
[    3.028860] e1000: Copyright (c) 1999-2006 Intel Corporation.
[    3.079758] Fusion MPT SPI Host driver 3.04.20
[    3.105517] SSE version of gcm_enc/dec engaged.
[    3.253868] input: ImExPS/2 Generic Explorer Mouse as /devices/platform/i8042/serio1/input/input4
[    3.643734] e1000 0000:00:03.0 eth0: (PCI:33MHz:32-bit) 02:e9:98:4f:cb:36
[    3.648720] e1000 0000:00:03.0 eth0: Intel(R) PRO/1000 Network Connection
[    4.199726] e1000 0000:00:08.0 eth1: (PCI:33MHz:32-bit) 08:00:27:04:41:d3
[    4.204820] e1000 0000:00:08.0 eth1: Intel(R) PRO/1000 Network Connection
[    4.211892] mptbase: ioc0: Initiating bringup
[    4.213986] e1000 0000:00:08.0 enp0s8: renamed from eth1
[    4.225607] e1000 0000:00:03.0 enp0s3: renamed from eth0
[    4.660062] ioc0: LSI53C1030 A0: Capabilities={Initiator}
[    6.904907] scsi host2: ioc0: LSI53C1030 A0, FwRev=00000000h, Ports=1, MaxQ=256, IRQ=20
[    9.065194] scsi 2:0:0:0: Direct-Access     VBOX     HARDDISK         1.0  PQ: 0 ANSI: 5
[    9.071894] scsi target2:0:0: Beginning Domain Validation
[    9.089830] scsi target2:0:0: Domain Validation skipping write tests
[    9.094512] scsi target2:0:0: Ending Domain Validation
[    9.098490] scsi target2:0:0: asynchronous
[    9.106039] scsi 2:0:1:0: Direct-Access     VBOX     HARDDISK         1.0  PQ: 0 ANSI: 5
[    9.112763] scsi target2:0:1: Beginning Domain Validation
[    9.132039] scsi target2:0:1: Domain Validation skipping write tests
[    9.136469] scsi target2:0:1: Ending Domain Validation
[    9.140549] scsi target2:0:1: asynchronous
[    9.178323] sd 2:0:0:0: Attached scsi generic sg0 type 0
[    9.183222] sd 2:0:0:0: [sda] 20971520 512-byte logical blocks: (10.7 GB/10.0 GiB)
[    9.191117] sd 2:0:0:0: [sda] Write Protect is off
[    9.195314] sd 2:0:1:0: Attached scsi generic sg1 type 0
[    9.199703] sd 2:0:1:0: [sdb] 20480 512-byte logical blocks: (10.5 MB/10.0 MiB)
[    9.200169] sd 2:0:0:0: [sda] Incomplete mode parameter data
[    9.200172] sd 2:0:0:0: [sda] Assuming drive cache: write through
[    9.250099]  sda: sda1
[    9.253254] sd 2:0:0:0: [sda] Attached SCSI disk
[    9.269557] sd 2:0:1:0: [sdb] Write Protect is off
[    9.276604] sd 2:0:1:0: [sdb] Incomplete mode parameter data
[    9.281057] sd 2:0:1:0: [sdb] Assuming drive cache: write through
[    9.294603] sd 2:0:1:0: [sdb] Attached SCSI disk
Begin: Loading essential drivers ... [   11.767499] md: linear personality registered for level -1
[   11.782388] md: multipath personality registered for level -4
[   11.797017] md: raid0 personality registered for level 0
[   11.815202] md: raid1 personality registered for level 1
[   11.899246] raid6: sse2x1   gen()  1126 MB/s
[   11.967277] raid6: sse2x1   xor()  2159 MB/s
[   12.035292] raid6: sse2x2   gen()   581 MB/s
[   12.103235] raid6: sse2x2   xor()  2414 MB/s
[   12.171262] raid6: sse2x4   gen()  1204 MB/s
[   12.239344] raid6: sse2x4   xor()  1564 MB/s
[   12.242868] raid6: using algorithm sse2x4 gen() 1204 MB/s
[   12.246935] raid6: .... xor() 1564 MB/s, rmw enabled
[   12.250681] raid6: using ssse3x2 recovery algorithm
[   12.258858] xor: measuring software checksum speed
[   12.359467]    prefetch64-sse: 24632.000 MB/sec
[   12.467192]    generic_sse: 22397.000 MB/sec
[   12.470757] xor: using function: prefetch64-sse (24632.000 MB/sec)
[   12.479229] async_tx: api initialized (async)
[   12.512437] md: raid6 personality registered for level 6
[   12.516475] md: raid5 personality registered for level 5
[   12.520447] md: raid4 personality registered for level 4
[   12.552710] md: raid10 personality registered for level 10
done.
Begin: Running /scripts/init-premount ... done.
Begin: Mounting root file system ... Begin: Running /scripts/local-top ... done.
Begin: Running /scripts/local-premount ... [   12.681196] Btrfs loaded
Scanning for Btrfs filesystems
done.
Warning: fsck not present, so skipping root file system
[   12.800668] EXT4-fs (sda1): mounted filesystem with ordered data mode. Opts: (null)
done.
Begin: Running /scripts/local-bottom ... done.
Begin: Running /scripts/init-bottom ... done.
[   13.171436] systemd[1]: systemd 229 running in system mode. (+PAM +AUDIT +SELINUX +IMA +APPARMOR +SMACK +SYSVINIT +UTMP +LIBCRYPTSETUP +GCRYPT +GNUTLS +ACL +XZ -LZ4 +SECCOMP +BLKID +ELFUTILS +KMOD -IDN)
[   13.186696] systemd[1]: Detected virtualization oracle.
[   13.190993] systemd[1]: Detected architecture x86-64.

Welcome to [1mUbuntu 16.04.7 LTS[0m!

[   13.203732] systemd[1]: Set hostname to <ubuntu>.
[   13.216919] systemd[1]: Initializing machine ID from random generator.
[   13.222162] systemd[1]: Installed transient /etc/machine-id file.
[   14.739851] systemd[1]: Created slice User and Session Slice.
[[0;32m  OK  [0m] Created slice User and Session Slice.
[   14.748181] systemd[1]: Reached target Encrypted Volumes.
[[0;32m  OK  [0m] Reached target Encrypted Volumes.
[   14.755601] systemd[1]: Listening on Journal Audit Socket.
[[0;32m  OK  [0m] Listening on Journal Audit Socket.
[   14.764097] systemd[1]: Listening on udev Kernel Socket.
[[0;32m  OK  [0m] Listening on udev Kernel Socket.
[   14.772160] systemd[1]: Reached target Swap.
[[0;32m  OK  [0m] Reached target Swap.
[   14.777692] systemd[1]: Listening on LVM2 metadata daemon socket.
[[0;32m  OK  [0m] Listening on LVM2 metadata daemon socket.
[   14.785190] systemd[1]: Listening on udev Control Socket.
[[0;32m  OK  [0m] Listening on udev Control Socket.
[   14.795334] systemd[1]: Created slice System Slice.
[[0;32m  OK  [0m] Created slice System Slice.
[   14.802978] systemd[1]: Listening on Journal Socket.
[[0;32m  OK  [0m] Listening on Journal Socket.
[   14.824178] systemd[1]: Mounting Huge Pages File System...
         Mounting Huge Pages File System...
[   14.835203] systemd[1]: Mounting Debug File System...
         Mounting Debug File System...
[   14.842004] systemd[1]: Listening on Journal Socket (/dev/log).
[[0;32m  OK  [0m] Listening on Journal Socket (/dev/log).
[   14.868446] systemd[1]: Starting Load Kernel Modules...
         Starting Load Kernel Modules...
[   14.881117] systemd[1]: Listening on Device-mapper event daemon FIFOs.
[[0;32m  OK  [0m] Listening on Device-mapper event daemon FIFOs.
[   14.894302] systemd[1]: Starting Monitoring of LVM2 mirrors, snapshots etc. using dmeventd or progress polling...
         [   14.905210] Loading iSCSI transport class v2.0-870.
Starting Monitoring of LVM2 mirrors... dmeventd or progress polling...
[   14.912500] systemd[1]: Set up automount Arbitrary Executable File Formats File System Automount Point.
[[0;32m  OK  [0m] Set up automount Arbitrary Executab...ats File System Automount Point.
[   14.923376] systemd[1]: Reached target User and Group Name Lookups.
[[0;32m  OK  [0m] Reached target User and Group Name Lookups.
[   14.931812] systemd[1]: Reached target System Time Synchronized.
[[0;32m  OK  [0m] Reached target System Time Synchronized.
[   14.939445] systemd[1]: Listening on /dev/initctl Compatibility Named Pipe.
[   14.939506] iscsi: registered transport (tcp)
[[0;32m  OK  [0m] Listening on /dev/initctl Compatibility Named Pipe.
[   14.966455] systemd[1]: Starting Create list of required static device nodes for the current kernel...
         Starting Create list of required st... nodes for the current kernel...
[   14.982207] systemd[1]: Starting Remount Root and Kernel File Systems...
         Starting Remount Root and Kernel File Systems...
[   14.993588] systemd[1]: Listening on Syslog Socket.
[[0;32m  OK  [0m] Listening on Syslog Socket.
[   15.001655] EXT4-fs (sda1): re-mounted. Opts: (null)
[   15.004637] systemd[1]: Starting Journal Service...
         Starting Journal Service...
[   15.012262] systemd[1]: Started Trigger resolvconf update for networkd DNS.
[   15.017432] random: nonblocking pool is initialized
[[0;32m  OK  [0m] Started Trigger resolvconf update for networkd DNS.
[   15.027850] systemd[1]: Starting Uncomplicated firewall...
         Starting Uncomplicated firewall...
[   15.038434] systemd[1]: Started Forward Password Requests to Wall Directory Watch.
[[0;32m  OK  [0m] Started Forward Password Requests to Wall Directory Watch.
[   15.063617] systemd[1]: Mounting POSIX Message Queue File System...
         Mounting POSIX Message Queue File System...
[   15.075403] systemd[1]: Listening on LVM2 poll daemon socket.
[[0;32m  OK  [0m] Listening on LVM2 poll daemon socket.
[   15.086341] systemd[1]: Starting Set console keymap...
         Starting Set console keymap...
[   15.099655] systemd[1]: Created slice system-serial\x2dgetty.slice.
[[0;32m  OK  [0m] Created slice system-serial\x2dgetty.slice.
[   15.110625] systemd[1]: Reached target Slices.
[[0;32m  OK  [0m] Reached target Slices.
[   15.120378] systemd[1]: Starting Nameserver information manager...
         Starting Nameserver information manager...
[   15.161925] iscsi: registered transport (iser)
[   15.179950] systemd[1]: Mounted POSIX Message Queue File System.
[[0;32m  OK  [0m] Mounted POSIX Message Queue File System.
[   15.191123] systemd[1]: Mounted Huge Pages File System.
[[0;32m  OK  [0m] Mounted Huge Pages File System.
[   15.198326] systemd[1]: Mounted Debug File System.
[[0;32m  OK  [0m] Mounted Debug File System.
[   15.205720] systemd[1]: Started Journal Service.
[[0;32m  OK  [0m] Started Journal Service.
[[0;32m  OK  [0m] Started Load Kernel Modules.
[[0;32m  OK  [0m] Started Create list of required sta...ce nodes for the current kernel.
[[0;32m  OK  [0m] Started Remount Root and Kernel File Systems.
[[0;32m  OK  [0m] Started Uncomplicated firewall.
[[0;32m  OK  [0m] Started Nameserver information manager.
[[0;32m  OK  [0m] Started LVM2 metadata daemon.
         Starting udev Coldplug all Devices...
         Starting Load/Save Random Seed...
         Starting Create Static Device Nodes in /dev...
         Starting Apply Kernel Variables...
         Mounting FUSE Control File System...
         Starting Flush Journal to Persistent Storage...
[[0;32m  OK  [0m] Mounted FUSE Control File System.
[[0;32m  OK  [0m] Started Load/Save Random Seed.
[   15.416017] systemd-journald[386]: Received request to flush runtime journal from PID 1
[[0;32m  OK  [0m] Started Flush Journal to Persistent Storage.
[[0;32m  OK  [0m] Started Apply Kernel Variables.
[[0;32m  OK  [0m] Started Create Static Device Nodes in /dev.
         Starting udev Kernel Device Manager...
[[0;32m  OK  [0m] Started Monitoring of LVM2 mirrors,...ng dmeventd or progress polling.
[[0;32m  OK  [0m] Started Set console keymap.
[[0;32m  OK  [0m] Reached target Local File Systems (Pre).
[[0;32m  OK  [0m] Reached target Local File Systems.
         Starting Commit a transient machine-id on disk...
         Starting LSB: AppArmor initialization...
         Starting Create Volatile Files and Directories...
         Starting Set console font and keymap...
         Starting Tell Plymouth To Write Out Runtime Data...
         Starting Initial cloud-init job (pre-networking)...
[[0;32m  OK  [0m] Started udev Kernel Device Manager.
[[0;32m  OK  [0m] Started Commit a transient machine-id on disk.
[[0;32m  OK  [0m] Started Tell Plymouth To Write Out Runtime Data.
[[0;32m  OK  [0m] Started Create Volatile Files and Directories.
         Starting Update UTMP about System Boot/Shutdown...
[[0;32m  OK  [0m] Started Update UTMP about System Boot/Shutdown.
[[0;32m  OK  [0m] Started udev Coldplug all Devices.
[[0;32m  OK  [0m] Started Dispatch Password Requests to Console Directory Watch.
[[0;32m  OK  [0m] Found device /dev/ttyS0.
[[0;32m  OK  [0m] Listening on Load/Save RF Kill Switch Status /dev/rfkill Watch.
[[0;32m  OK  [0m] Started Set console font and keymap.
[[0;32m  OK  [0m] Created slice system-getty.slice.
[   20.551827] cloud-init[492]: Cloud-init v. 20.3-2-g371b392c-0ubuntu1~16.04.1 running 'init-local' at Thu, 29 Oct 2020 05:52:45 +0000. Up 18.63 seconds.
[[0;32m  OK  [0m] Started Initial cloud-init job (pre-networking).
[[0;32m  OK  [0m] Reached target Network (Pre).
[[0;32m  OK  [0m] Started LSB: AppArmor initialization.
         Starting Load AppArmor profiles managed internally by snapd...
         Starting Raise network interfaces...
[[0;32m  OK  [0m] Started Load AppArmor profiles managed internally by snapd.
[[0;32m  OK  [0m] Started Raise network interfaces.
[[0;32m  OK  [0m] Reached target Network.
         Starting Initial cloud-init job (metadata service crawler)...
[   25.351986] cloud-init[950]: Cloud-init v. 20.3-2-g371b392c-0ubuntu1~16.04.1 running 'init' at Thu, 29 Oct 2020 05:52:49 +0000. Up 23.27 seconds.
[   25.366488] cloud-init[950]: ci-info: ++++++++++++++++++++++++++++++++++++++Net device info+++++++++++++++++++++++++++++++++++++++
[   25.372165] cloud-init[950]: ci-info: +--------+-------+----------------------------+---------------+--------+-------------------+
[   25.379855] cloud-init[950]: ci-info: | Device |   Up  |          Address           |      Mask     | Scope  |     Hw-Address    |
[   25.385623] cloud-init[950]: ci-info: +--------+-------+----------------------------+---------------+--------+-------------------+
[   25.391890] cloud-init[950]: ci-info: | enp0s3 |  True |         10.0.2.15          | 255.255.255.0 | global | 02:e9:98:4f:cb:36 |
[   25.397620] cloud-init[950]: ci-info: | enp0s3 |  True | fe80::e9:98ff:fe4f:cb36/64 |       .       |  link  | 02:e9:98:4f:cb:36 |
[   25.403778] cloud-init[950]: ci-info: | enp0s8 | False |             .              |       .       |   .    | 08:00:27:04:41:d3 |
[   25.410664] cloud-init[950]: ci-info: |   lo   |  True |         127.0.0.1          |   255.0.0.0   |  host  |         .         |
[   25.415713] cloud-init[950]: ci-info: |   lo   |  True |          ::1/128           |       .       |  host  |         .         |
[   25.421714] cloud-init[950]: ci-info: +--------+-------+----------------------------+---------------+--------+-------------------+
[   25.428142] cloud-init[950]: ci-info: +++++++++++++++++++++++++++Route IPv4 info++++++++++++++++++++++++++++
[   25.432521] cloud-init[950]: ci-info: +-------+-------------+----------+---------------+-----------+-------+
[   25.438137] cloud-init[950]: ci-info: | Route | Destination | Gateway  |    Genmask    | Interface | Flags |
[   25.442983] cloud-init[950]: ci-info: +-------+-------------+----------+---------------+-----------+-------+
[   25.448881] cloud-init[950]: ci-info: |   0   |   0.0.0.0   | 10.0.2.2 |    0.0.0.0    |   enp0s3  |   UG  |
[   25.454141] cloud-init[950]: ci-info: |   1   |   10.0.2.0  | 0.0.0.0  | 255.255.255.0 |   enp0s3  |   U   |
[   25.459455] cloud-init[950]: ci-info: +-------+-------------+----------+---------------+-----------+-------+
[   25.464081] cloud-init[950]: ci-info: +++++++++++++++++++Route IPv6 info+++++++++++++++++++
[   25.469474] cloud-init[950]: ci-info: +-------+-------------+---------+-----------+-------+
[   25.474898] cloud-init[950]: ci-info: | Route | Destination | Gateway | Interface | Flags |
[   25.479775] cloud-init[950]: ci-info: +-------+-------------+---------+-----------+-------+
[   25.484511] cloud-init[950]: ci-info: |   0   |  fe80::/64  |    ::   |   enp0s3  |   U   |
[   25.488438] cloud-init[950]: ci-info: |   4   |   ff00::/8  |    ::   |   enp0s3  |   U   |
[   25.493248] cloud-init[950]: ci-info: +-------+-------------+---------+-----------+-------+
[   25.497169] cloud-init[950]: Generating public/private rsa key pair.
[   25.500506] cloud-init[950]: Your identification has been saved in /etc/ssh/ssh_host_rsa_key.
[   25.504726] cloud-init[950]: Your public key has been saved in /etc/ssh/ssh_host_rsa_key.pub.
[   25.509656] cloud-init[950]: The key fingerprint is:
[   25.513272] cloud-init[950]: SHA256:fYbE5AmST8gi/Uv4ay961bTaFXIRObJ7O5uiZiG7Dms root@ubuntu-xenial
[   25.534245] cloud-init[950]: The key's randomart image is:
[   25.537116] cloud-init[950]: +---[RSA 2048]----+
[   25.540397] cloud-init[950]: |   . ..o. . .o   |
[   25.543215] cloud-init[950]: |  . o +..=..+    |
[[0;32m  OK  [0m] Started Initial cloud-init job (metadata service crawler).
[[0;32m  OK  [0m] Reached target System Initialization.
[   25.556797] cloud-init[950]: |   . + o  =o o   |[[0;32m  OK  [0m] Started ACPI Events Check.
[[0;32m  OK  [0m] Reached target Paths.
[[0;32m  OK  [0m] Listening on D-Bus System Message Bus Socket.

[   25.572467]          Starting LXD - unix socket.
[[0;32m  OK  [0m] Started Message of the Day.
[[0;32m  OK  [0m] Started Daily Cleanup of Temporary Directories.
[[0;32m  OK  [0m] Started Daily apt download activities.
[[0;32m  OK  [0m] Listening on UUID daemon activation socket.
[cloud-init[950]: |    . o .o+.o    |
[0;32m  OK  [0m] Listening on ACPID Listen Socket.
[[0;32m  OK  [0m] Started Daily apt upgrade and clean activities.
[[0;32m  OK  [0m] Reached target Timers.
         Starting Socket activation for snappy daemon.
[[0;32m  OK  [0m] Reached target Cloud-config availability.
[[0;32m  OK  [0m] Reached target Network is Online.
[   25.597670] cloud-init[950]: |     o .Soo=o.   |
[   25.601162] cloud-init[950]: |      + o +oo    |
[   25.603676] cloud-init[950]: |    .  = + o .   |
[   25.607399] cloud-init         Starting iSCSI initiator daemon (iscsid)...
[950]: |    Eo* + o o.   |[[0;32m  OK  [0m] Listening on LXD - unix socket.
[[0;32m  OK  [0m] Listening on Socket activation for snappy daemon.
[[0;32m  OK  [0m] Reached target Sockets.
[[0;32m  OK  [0m] Reached target Basic System.

[   25.621498] cloud-init[950]: |   .o=o*o. .oo   |
[   25.624322] cloud-init[950]: +----[SHA256]-----+
         Starting Virtualbox guest utils...
         Starting LSB: MD monitoring daemon...
[[0;32m  OK  [0m] Started FUSE filesystem for LXC.
         Starting LXD - container startup/shutdown...
[[0;32m  OK  [0m] Started D-Bus System Message Bus.
[   25.633763] cloud-init[950]: Generating public/private dsa key pair.
[   25.693643] cloud-init[950]: Your identification has been saved in /etc/ssh/ssh_host_dsa_key.
[   25.698728] cloud-init[950]: Your public key has been saved in /etc/ssh/ssh_host_dsa_key.pub.
[   25.705159] cloud-init[950]: The key fingerprint is:
[   25.708110] cloud-init[950]: SHA256:tEeLIgt7vHtR9UTcUYla2CJbPLEM7zWRcxkuKvJFw/I root@ubuntu-xenial
[   25.716312] cloud-init[950]: The key's randomart image is:
[   25.723261] cloud-init[950]: +---[DSA 1024]----+
[   25.727329] cloud-init[950]: |         ..+=o++=|
[   25.731525] cloud-init[950]: |         .**+*++ |
[   25.734524] cloud-init[950]: |        .o=X=+o. |
[   25.738067] cloud-init[950]: |       ..==o= o  |
[   25.742565] cloud-init[950]: |  . . .oS.oE     |
[   25.748938] cloud-init[950]: |   + o..o.o      |
[   25.757072] cloud-init[950]: |  . +  . .       |
[   25.762505] cloud-init[950]: |   . ..          |
[   25.764870] cloud-init[950]: |    oo           |
[   25.767393] cloud-init[950]: +----[SHA256]-----+
[   25.769893] cloud-init[950]: Generating public/private ecdsa key pair.
[   25.773155] cloud-init[950]: Your identification has been saved in /etc/ssh/ssh_host_ecdsa_key.
[   25.777154] cloud-init[950]: Your public key has been saved in /etc/ssh/ssh_host_ecdsa_key.pub.
[   25.780890] cloud-init[950]: The key fingerprint is:
[   25.783952] cloud-init[950]: SHA256:zDqiKKoYw+mIm3kt248U9WzQWKyAJ0qnJo2H5h2cugg root@ubuntu-xenial
[   25.788098] cloud-init[950]: The key's randomart image is:
[   25.791696] cloud-init[950]: +---[ECDSA 256]---+
[   25.795164] cloud-init[950]: |   .   ..        |
[   25.804912] cloud-init[950]: | .o.o  +.        |
[   25.807690] cloud-init[950]: |.=+o..+..        |
[   25.811572] cloud-init[950]: |=+o+ ..*         |
[   25.823282]          cloud-initStarting Pollinate to seed the pseudo random number generator...[950]: 
|=.o o   S        |
[   25.828124] [cloud-init[0;32m  OK  [0m[950]: ] |Eo.. . o         |Started Regular background program processing daemon.

[   25.834623] cloud-init[950]:          Starting Accounts Service...
|=o..o o          |
[   25.862068]          Starting Login Service...
cloud-init[950]: |BBo+.o .         |
[   25.866651] cloud-init[950]: |#+ooo..          |
[   25.882075] cloud-init[[0;32m  OK  [0m] Started ACPI event daemon.
[950]: +----[SHA256]-----+
         Starting System Logging Service...
[   25.905200] cloud-init[950]: Generating public/private ed25519 key pair.
[[0;32m  OK  [0m] Started Deferred execution scheduler.
[   25.924749] cloud-init[950]: Your identification has been saved in /etc/ssh/ssh_host_ed25519_key.
[   25.935937] cloud-init[950]: Your public key has been saved in /etc/ssh/ssh_host_ed25519_key.pub.
[   25.945034] cloud-init[950]: The key fingerprint is:
[   25.949637] cloud-init[950]: SHA256:+SlfIsDc3QnaNg2M8ZcUl8xSk56EwI13u2z6PsGQSGM root@ubuntu-xenial
         Starting Snap Daemon...
         Starting LSB: Record successful boot for GRUB...[   25.968724] 
         Starting /etc/rc.local Compatibility...
cloud-init[950]: The key's randomart image is:
[   26.003195] cloud-init[950]: +--[ED25519 256]--+
[[0;32m  OK  [0m] Started System Logging Service.
[   26.012286] cloud-init[950]: |        ...+o*+o |
[[0;32m  OK  [0m] Started /etc/rc.local Compatibility.
[   26.029793] cloud-init[950]: |         =E.=oB. |
[   26.058197] cloud-init[950]: |        .o=+o* o |
[[0;32m  OK  [0m] Started Login Service.
[[0;32m  OK  [0m] Started iSCSI initiator daemon (iscsid).
[   26.098233] cloud-init[950]: |     o . =.*o.+  |
         Starting Login to default iSCSI targets...
[[0;32m  OK  [0m] Started Unattended Upgrades Shutdown.
[   26.139979] cloud-init[950]: |      + S = ++ . |
[   26.178538] cloud-init[950]: |       . o o  *  |
[   26.193855] cloud-init[950]: |        o + .o . |
[   26.208039] cloud-init[950]: |         + o. .  |
[[0;32m  OK  [0m] Started LXD - container startup/shutdown.
[   26.250986] cloud-init[950]: |          .  oo. |
[[0;32m  OK  [0m] Started LSB: MD monitoring daemon.
[   26.254988] cloud-init[950]: +----[SHA256]-----+
[[0;32m  OK  [0m] Started Login to default iSCSI targets.
[[0;32m  OK  [0m] Reached target Remote File Systems (Pre).
[[0;32m  OK  [0m] Reached target Remote File Systems.
         Starting LSB: Set the CPU Frequency Scaling governor to "ondemand"...
         Starting LSB: daemon to balance interrupts for SMP systems...
         Starting LSB: automatic crash report generation...
         Starting Permit User Sessions...
         Starting Authenticate and Authorize Users to Run Privileged Tasks...
[[0;32m  OK  [0m] Started LSB: Record successful boot for GRUB.
[[0;32m  OK  [0m] Started Permit User Sessions.
         Starting Hold until boot process finishes up...
         Starting Terminate Plymouth Boot Screen...
[[0;32m  OK  [0m] Started Hold until boot process finishes up.
[[0;32m  OK  [0m] Started Terminate Plymouth Boot Screen.
         Starting Set console scheme...
[[0;32m  OK  [0m] Started Serial Getty on ttyS0.
[[0;32m  OK  [0m] Started Getty on tty1.
[[0;32m  OK  [0m] Reached target Login Prompts.
[[0;32m  OK  [0m] Started Set console scheme.
[[0;32m  OK  [0m] Started Authenticate and Authorize Users to Run Privileged Tasks.
[[0;32m  OK  [0m] Started Accounts Service.
[[0;32m  OK  [0m] Started LSB: Set the CPU Frequency Scaling governor to "ondemand".
[[0;32m  OK  [0m] Started LSB: automatic crash report generation.
[[0;32m  OK  [0m] Started Virtualbox guest utils.
[[0;32m  OK  [0m] Started LSB: daemon to balance interrupts for SMP systems.
[[0;32m  OK  [0m] Started Snap Daemon.
         Starting Wait until snapd is fully seeded...
[[0;32m  OK  [0m] Started Pollinate to seed the pseudo random number generator.
         Starting OpenBSD Secure Shell server...
[[0;32m  OK  [0m] Started OpenBSD Secure Shell server.
[[0;32m  OK  [0m] Created slice User Slice of vagrant.
         Starting User Manager for UID 1000...
[[0;32m  OK  [0m] Started Session 1 of user vagrant.
[[0;32m  OK  [0m] Started User Manager for UID 1000.
[[0;32m  OK  [0m] Started Wait until snapd is fully seeded.
         Starting Apply the settings specified in cloud-config...
[[0;32m  OK  [0m] Reached target Multi-User System.
[[0;32m  OK  [0m] Reached target Graphical Interface.
         Starting Update UTMP about System Runlevel Changes...
[[0;32m  OK  [0m] Started Update UTMP about System Runlevel Changes.

Ubuntu 16.04.7 LTS ubuntu-xenial ttyS0

ubuntu-xenial login: [   32.951343] cloud-init[1392]: Generating locales (this might take a while)...
[   35.715313] cloud-init[1392]:   en_US.UTF-8... done
[   35.718327] cloud-init[1392]: Generation complete.
[   37.279709] cloud-init[1392]: Cloud-init v. 20.3-2-g371b392c-0ubuntu1~16.04.1 running 'modules:config' at Thu, 29 Oct 2020 05:52:58 +0000. Up 32.28 seconds.
ci-info: no authorized SSH keys fingerprints found for user ubuntu.
<14>Oct 29 05:53:05 ec2: 
<14>Oct 29 05:53:05 ec2: #############################################################
<14>Oct 29 05:53:05 ec2: -----BEGIN SSH HOST KEY FINGERPRINTS-----
<14>Oct 29 05:53:05 ec2: 1024 SHA256:tEeLIgt7vHtR9UTcUYla2CJbPLEM7zWRcxkuKvJFw/I root@ubuntu-xenial (DSA)
<14>Oct 29 05:53:05 ec2: 256 SHA256:zDqiKKoYw+mIm3kt248U9WzQWKyAJ0qnJo2H5h2cugg root@ubuntu-xenial (ECDSA)
<14>Oct 29 05:53:05 ec2: 256 SHA256:+SlfIsDc3QnaNg2M8ZcUl8xSk56EwI13u2z6PsGQSGM root@ubuntu-xenial (ED25519)
<14>Oct 29 05:53:05 ec2: 2048 SHA256:fYbE5AmST8gi/Uv4ay961bTaFXIRObJ7O5uiZiG7Dms root@ubuntu-xenial (RSA)
<14>Oct 29 05:53:05 ec2: -----END SSH HOST KEY FINGERPRINTS-----
<14>Oct 29 05:53:05 ec2: #############################################################
-----BEGIN SSH HOST KEY KEYS-----
ecdsa-sha2-nistp256 AAAAE2VjZHNhLXNoYTItbmlzdHAyNTYAAAAIbmlzdHAyNTYAAABBBNrsxydkP5qvwUy44yt36NhSX1xdjy7QHjAi/UFe+pH0LQciBSNvTHD2BDa47svHmcbMkmNHZ8wO88MpSVq94q0= root@ubuntu-xenial
ssh-ed25519 AAAAC3NzaC1lZDI1NTE5AAAAIGw9nx0IbZiAMqi63Ez8EoABwbq+vh6Wj2FDjND4Z1e2 root@ubuntu-xenial
ssh-rsa AAAAB3NzaC1yc2EAAAADAQABAAABAQCemm1BGrwRzHtDV/xAlHKN6IFfWulT655E28uqlILpVE8iEVwuQOU7ln840eImcNVpXohpB9sddt5gmkzmAbpdef+kfDbfD9q9HkmZFQjOaV/4JrFNM+MhEMNWrtP55F6OBWqjvRJqagIu3ebqiS+VdOVQzYTcSO+Fav6qHWlpxb5eSDzH5MlvQh4yzuIObxCf3VdD21QJbOFl5lpM/dd5Dk51PG9kQNyFQhRQqiYc3umekxETp/jIcoyiU1njCHC+yShv8Y8F5fq+S3Ivcv42OXZWHwwPVc5wXQmnPJBQNVM6XclZLUP8dx2F4uMXvwNCtfnDYGgP7TcEBkVCgPal root@ubuntu-xenial
-----END SSH HOST KEY KEYS-----
[   39.421812] cloud-init[1604]: Cloud-init v. 20.3-2-g371b392c-0ubuntu1~16.04.1 running 'modules:final' at Thu, 29 Oct 2020 05:53:05 +0000. Up 38.75 seconds.
[   39.425576] cloud-init[1604]: ci-info: no authorized SSH keys fingerprints found for user ubuntu.
[   39.426446] cloud-init[1604]: Cloud-init v. 20.3-2-g371b392c-0ubuntu1~16.04.1 finished at Thu, 29 Oct 2020 05:53:05 +0000. Datasource DataSourceNoCloud [seed=/dev/sdb][dsmode=net].  Up 39.38 seconds
